<?xml version="1.0" encoding="UTF-8"?>
<!-- Generated by org.testng.reporters.JUnitReportReporter -->
<testsuite skipped="0" hostname="lenovo-t450" name="annotations.ExampleTestAnnotation" tests="4" failures="0" timestamp="2021-07-09T12:36:34 IST" time="0.016" errors="0">
  <testcase name="methodD" time="0.002" classname="annotations.ExampleTestAnnotation"/>
  <system-out/>
  <testcase name="methodB" time="0.003" classname="annotations.ExampleTestAnnotation"/>
  <system-out/>
  <testcase name="methodC" time="0.002" classname="annotations.ExampleTestAnnotation"/>
  <system-out/>
  <testcase name="methodA" time="0.009" classname="annotations.ExampleTestAnnotation"/>
  <system-out/>
</testsuite> <!-- annotations.ExampleTestAnnotation -->
