<?xml version="1.0" encoding="UTF-8"?>
<!-- Generated by org.testng.reporters.JUnitReportReporter -->
<testsuite skipped="0" hostname="lenovo-t450" name="allAnnotations.SendMail" tests="1" failures="0" timestamp="2021-07-13T12:29:33 IST" time="0.003" errors="0">
  <testcase name="SendMailRediff" time="0.003" classname="allAnnotations.SendMail"/>
  <system-out/>
</testsuite> <!-- allAnnotations.SendMail -->
