<?xml version="1.0" encoding="UTF-8"?>
<!-- Generated by org.testng.reporters.JUnitReportReporter -->
<testsuite skipped="0" hostname="lenovo-t450" name="allAnnotations.SaveMail" tests="1" failures="0" timestamp="2021-07-13T12:29:33 IST" time="0.009" errors="0">
  <testcase name="SaveMailRediff" time="0.009" classname="allAnnotations.SaveMail"/>
  <system-out/>
</testsuite> <!-- allAnnotations.SaveMail -->
