<?xml version="1.0" encoding="UTF-8"?>
<!-- Generated by org.testng.reporters.JUnitReportReporter -->
<testsuite skipped="0" hostname="lenovo-t450" name="Pac1.Example1" tests="2" failures="0" timestamp="2021-07-09T17:27:45 IST" time="0.010" errors="0">
  <testcase name="test1" time="0.009" classname="Pac1.Example1"/>
  <system-out/>
  <testcase name="test2" time="0.001" classname="Pac1.Example1"/>
  <system-out/>
</testsuite> <!-- Pac1.Example1 -->
