<?xml version="1.0" encoding="UTF-8"?>
<!-- Generated by org.testng.reporters.JUnitReportReporter -->
<testsuite skipped="0" hostname="lenovo-t450" name="Group.Example2" tests="2" failures="0" timestamp="2021-07-09T17:08:02 IST" time="0.003" errors="0">
  <testcase name="testMethod7" time="0.001" classname="Group.Example2"/>
  <system-out/>
  <testcase name="testMethod5" time="0.002" classname="Group.Example2"/>
  <system-out/>
</testsuite> <!-- Group.Example2 -->
