<?xml version="1.0" encoding="UTF-8"?>
<!-- Generated by org.testng.reporters.JUnitReportReporter -->
<testsuite skipped="0" hostname="lenovo-t450" name="com.benz.testCase.formRediffmail" tests="2" failures="0" timestamp="2021-07-13T17:28:48 IST" time="17.838" errors="0">
  <testcase name="FillingFormRediffmail" time="8.966" classname="com.benz.testCase.formRediffmail"/>
  <system-out/>
  <testcase name="FillingFormRediffmail" time="8.872" classname="com.benz.testCase.formRediffmail"/>
  <system-out/>
</testsuite> <!-- com.benz.testCase.formRediffmail -->
