<?xml version="1.0" encoding="UTF-8"?>
<!-- Generated by org.testng.reporters.JUnitReportReporter -->
<testsuite skipped="0" hostname="lenovo-t450" name="com.benz.testCase.formRediffmail" tests="2" failures="0" timestamp="2021-07-14T13:47:45 IST" time="20.515" errors="0">
  <testcase name="FillingFormRediffmail" time="10.499" classname="com.benz.testCase.formRediffmail"/>
  <system-out/>
  <testcase name="FillingFormRediffmail" time="10.016" classname="com.benz.testCase.formRediffmail"/>
  <system-out/>
</testsuite> <!-- com.benz.testCase.formRediffmail -->
