<?xml version="1.0" encoding="UTF-8"?>
<!-- Generated by org.testng.reporters.JUnitReportReporter -->
<testsuite skipped="0" hostname="lenovo-t450" name="TestCase.formRediffmail" tests="1" failures="0" timestamp="2021-07-09T16:33:23 IST" time="16.235" errors="0">
  <testcase name="FillingFormRediffmail" time="16.235" classname="TestCase.formRediffmail"/>
  <system-out/>
</testsuite> <!-- TestCase.formRediffmail -->
