<?xml version="1.0" encoding="UTF-8"?>
<!-- Generated by org.testng.reporters.JUnitReportReporter -->
<testsuite skipped="0" hostname="lenovo-t450" name="ignoreAnnotation.IgnoreTestAnnotation" tests="2" failures="0" timestamp="2021-07-09T16:44:38 IST" time="0.022" errors="0">
  <testcase name="LoginRediffmail" time="0.021" classname="ignoreAnnotation.IgnoreTestAnnotation"/>
  <system-out/>
  <testcase name="SendMail" time="0.001" classname="ignoreAnnotation.IgnoreTestAnnotation"/>
  <system-out/>
</testsuite> <!-- ignoreAnnotation.IgnoreTestAnnotation -->
