<?xml version="1.0" encoding="UTF-8"?>
<!-- Generated by org.testng.reporters.JUnitReportReporter -->
<testsuite skipped="0" hostname="lenovo-t450" name="TestCase.SendingMailRediff" tests="2" failures="0" timestamp="2021-07-12T12:32:25 IST" time="35.684" errors="0">
  <testcase name="SendingEmailRediff" time="17.609" classname="TestCase.SendingMailRediff"/>
  <system-out/>
  <testcase name="SendingEmailRediff" time="18.075" classname="TestCase.SendingMailRediff"/>
  <system-out/>
</testsuite> <!-- TestCase.SendingMailRediff -->
