<?xml version="1.0" encoding="UTF-8"?>
<!-- Generated by org.testng.reporters.JUnitReportReporter -->
<testsuite skipped="0" hostname="lenovo-t450" name="allAnnotations.Example" tests="2" failures="0" timestamp="2021-07-13T12:06:21 IST" time="0.011" errors="0">
  <testcase name="SendMailRediff" time="0.008" classname="allAnnotations.Example"/>
  <system-out/>
  <testcase name="SaveMailRediff" time="0.003" classname="allAnnotations.Example"/>
  <system-out/>
</testsuite> <!-- allAnnotations.Example -->
