<?xml version="1.0" encoding="UTF-8"?>
<!-- Generated by org.testng.reporters.JUnitReportReporter -->
<testsuite skipped="2" hostname="lenovo-t450" name="annotations.AnotherSKIPTechniqueTestAnnotation" tests="3" failures="0" timestamp="2021-07-09T15:54:03 IST" time="0.017" errors="0">
  <testcase name="LoginRediffmail" time="0.015" classname="annotations.AnotherSKIPTechniqueTestAnnotation"/>
  <system-out/>
  <testcase name="SendMail" time="0.002" classname="annotations.AnotherSKIPTechniqueTestAnnotation">
    <skipped/>
  </testcase> <!-- SendMail -->
  <system-out/>
  <testcase name="Logout" time="0.000" classname="annotations.AnotherSKIPTechniqueTestAnnotation">
    <skipped/>
  </testcase> <!-- Logout -->
  <system-out/>
</testsuite> <!-- annotations.AnotherSKIPTechniqueTestAnnotation -->
